{"name":"createEmployeeTestThroughPUT","id":"apiTests.EmployeesCRUDTests:createEmployeeTestThroughPUT","testCaseName":"apiTests.EmployeesCRUDTests","testSteps":[{"number":1,"description":"Create employee call was executed successfully","duration":49,"startTime":"2022-11-30T17:58:56.438737900+02:00[Europe/Bucharest]","exception":{"errorType":"java.lang.AssertionError","message":"\r\nExpecting ArrayList:\r\n  [200, 201]\r\nto contain:\r\n  [302]\r\nbut could not find the following element(s):\r\n  [302]\r\n","stackTrace":[{"declaringClass":"apiTests.EmployeesCRUDTests","methodName":"lambda$createEmployeeTestThroughPUT$5","fileName":"EmployeesCRUDTests.java","lineNumber":90},{"declaringClass":"apiTests.EmployeesCRUDTests","methodName":"createEmployeeTestThroughPUT","fileName":"EmployeesCRUDTests.java","lineNumber":89},{"declaringClass":"worker.org.gradle.process.internal.worker.GradleWorkerMain","methodName":"run","fileName":"GradleWorkerMain.java","lineNumber":69},{"declaringClass":"worker.org.gradle.process.internal.worker.GradleWorkerMain","methodName":"main","fileName":"GradleWorkerMain.java","lineNumber":74}]},"result":"FAILURE","precondition":false,"level":0}],"userStory":{"id":"apiTests.EmployeesCRUDTests","storyName":"Employees CRUD tests","displayName":"Employees CRUD tests","storyClassName":"apiTests.EmployeesCRUDTests","path":"apiTests","type":"story"},"featureTag":{"name":"Api tests/Employees CRUD tests","type":"story","displayName":"Api tests/Employees CRUD tests"},"title":"Create employee test through PUT","tags":[{"name":"Api tests/Employees CRUD tests","type":"story","displayName":"Api tests/Employees CRUD tests"}],"startTime":"2022-11-30T17:58:55.167451400+02:00[Europe/Bucharest]","duration":1376,"testFailureCause":{"errorType":"java.lang.AssertionError","message":"\r\nExpecting ArrayList:\r\n  [200, 201]\r\nto contain:\r\n  [302]\r\nbut could not find the following element(s):\r\n  [302]\r\n","stackTrace":[{"declaringClass":"apiTests.EmployeesCRUDTests","methodName":"lambda$createEmployeeTestThroughPUT$5","fileName":"EmployeesCRUDTests.java","lineNumber":90},{"declaringClass":"apiTests.EmployeesCRUDTests","methodName":"createEmployeeTestThroughPUT","fileName":"EmployeesCRUDTests.java","lineNumber":89},{"declaringClass":"worker.org.gradle.process.internal.worker.GradleWorkerMain","methodName":"run","fileName":"GradleWorkerMain.java","lineNumber":69},{"declaringClass":"worker.org.gradle.process.internal.worker.GradleWorkerMain","methodName":"main","fileName":"GradleWorkerMain.java","lineNumber":74}]},"testFailureClassname":"java.lang.AssertionError","testFailureMessage":"\r\nExpecting ArrayList:\r\n  [200, 201]\r\nto contain:\r\n  [302]\r\nbut could not find the following element(s):\r\n  [302]\r\n","testFailureSummary":"FAILURE;java.lang.AssertionError;\r\nExpecting ArrayList:\r\n  [200, 201]\r\nto contain:\r\n  [302]\r\nbut could not find the following element(s):\r\n  [302]\r\n;EmployeesCRUDTests.java","projectKey":"","annotatedResult":"FAILURE","isManualTestingUpToDate":false,"manual":false,"testSource":"JUnit","order":0,"result":"FAILURE"}