{"name":"createEmployeeTestThroughPUT","id":"apiTests.EmployeesAPI_CRUD_Tests:createEmployeeTestThroughPUT","testCaseName":"apiTests.EmployeesAPI_CRUD_Tests","testSteps":[{"number":1,"description":"Create employee call was executed successfully","duration":48,"startTime":"2022-11-30T17:50:26.182947600+02:00[Europe/Bucharest]","exception":{"errorType":"java.lang.AssertionError","message":"\r\nExpecting ArrayList:\r\n  [200, 201]\r\nto contain:\r\n  [302]\r\nbut could not find the following element(s):\r\n  [302]\r\n","stackTrace":[{"declaringClass":"apiTests.EmployeesAPI_CRUD_Tests","methodName":"lambda$createEmployeeTestThroughPUT$5","fileName":"EmployeesAPI_CRUD_Tests.java","lineNumber":94},{"declaringClass":"apiTests.EmployeesAPI_CRUD_Tests","methodName":"createEmployeeTestThroughPUT","fileName":"EmployeesAPI_CRUD_Tests.java","lineNumber":93},{"declaringClass":"worker.org.gradle.process.internal.worker.GradleWorkerMain","methodName":"run","fileName":"GradleWorkerMain.java","lineNumber":69},{"declaringClass":"worker.org.gradle.process.internal.worker.GradleWorkerMain","methodName":"main","fileName":"GradleWorkerMain.java","lineNumber":74}]},"result":"FAILURE","precondition":false,"level":0}],"userStory":{"id":"apiTests.EmployeesAPI_CRUD_Tests","storyName":"Employees API CRUD tests","displayName":"Employees API CRUD tests","storyClassName":"apiTests.EmployeesAPI_CRUD_Tests","path":"apiTests","type":"story"},"featureTag":{"name":"Api tests/Employees API CRUD tests","type":"story","displayName":"Api tests/Employees API CRUD tests"},"title":"Create employee test through PUT","tags":[{"name":"Api tests/Employees API CRUD tests","type":"story","displayName":"Api tests/Employees API CRUD tests"}],"startTime":"2022-11-30T17:50:24.990679500+02:00[Europe/Bucharest]","duration":1298,"testFailureCause":{"errorType":"java.lang.AssertionError","message":"\r\nExpecting ArrayList:\r\n  [200, 201]\r\nto contain:\r\n  [302]\r\nbut could not find the following element(s):\r\n  [302]\r\n","stackTrace":[{"declaringClass":"apiTests.EmployeesAPI_CRUD_Tests","methodName":"lambda$createEmployeeTestThroughPUT$5","fileName":"EmployeesAPI_CRUD_Tests.java","lineNumber":94},{"declaringClass":"apiTests.EmployeesAPI_CRUD_Tests","methodName":"createEmployeeTestThroughPUT","fileName":"EmployeesAPI_CRUD_Tests.java","lineNumber":93},{"declaringClass":"worker.org.gradle.process.internal.worker.GradleWorkerMain","methodName":"run","fileName":"GradleWorkerMain.java","lineNumber":69},{"declaringClass":"worker.org.gradle.process.internal.worker.GradleWorkerMain","methodName":"main","fileName":"GradleWorkerMain.java","lineNumber":74}]},"testFailureClassname":"java.lang.AssertionError","testFailureMessage":"\r\nExpecting ArrayList:\r\n  [200, 201]\r\nto contain:\r\n  [302]\r\nbut could not find the following element(s):\r\n  [302]\r\n","testFailureSummary":"FAILURE;java.lang.AssertionError;\r\nExpecting ArrayList:\r\n  [200, 201]\r\nto contain:\r\n  [302]\r\nbut could not find the following element(s):\r\n  [302]\r\n;EmployeesAPI_CRUD_Tests.java","projectKey":"","annotatedResult":"FAILURE","isManualTestingUpToDate":false,"manual":false,"testSource":"JUnit","order":0,"result":"FAILURE"}