<?xml version="1.0" encoding="UTF-8" standalone="no"?><testsuite errors="1" failures="4" name="apiTests.EmployeesCRUDTests" skipped="0" tests="6" time="5.75" timestamp="2022-11-30 05:58:53"><testcase classname="apiTests.EmployeesCRUDTests" name="Get employee test"><error message="bound must be greater than origin" type="java.lang.IllegalArgumentException">bound must be greater than origin</error><system-err>bound must be greater than origin&#13;
apiTests.EmployeesCRUDTests.getEmployeeTest(EmployeesCRUDTests.java:35)&#13;
worker.org.gradle.process.internal.worker.GradleWorkerMain.run(GradleWorkerMain.java:69)&#13;
worker.org.gradle.process.internal.worker.GradleWorkerMain.main(GradleWorkerMain.java:74)&#13;
</system-err></testcase><testcase classname="apiTests.EmployeesCRUDTests" name="Create employee test through PUT"><failure message="&#13;&#10;Expecting ArrayList:&#13;&#10;  [200, 201]&#13;&#10;to contain:&#13;&#10;  [302]&#13;&#10;but could not find the following element(s):&#13;&#10;  [302]&#13;&#10;" type="java.lang.AssertionError">&#13;
Expecting ArrayList:&#13;
  [200, 201]&#13;
to contain:&#13;
  [302]&#13;
but could not find the following element(s):&#13;
  [302]&#13;
</failure><system-err>&#13;
Expecting ArrayList:&#13;
  [200, 201]&#13;
to contain:&#13;
  [302]&#13;
but could not find the following element(s):&#13;
  [302]&#13;
&#13;
apiTests.EmployeesCRUDTests.lambda$createEmployeeTestThroughPUT$5(EmployeesCRUDTests.java:90)&#13;
apiTests.EmployeesCRUDTests.createEmployeeTestThroughPUT(EmployeesCRUDTests.java:89)&#13;
worker.org.gradle.process.internal.worker.GradleWorkerMain.run(GradleWorkerMain.java:69)&#13;
worker.org.gradle.process.internal.worker.GradleWorkerMain.main(GradleWorkerMain.java:74)&#13;
</system-err></testcase><testcase classname="apiTests.EmployeesCRUDTests" name="Get all employees test"/><testcase classname="apiTests.EmployeesCRUDTests" name="Create employee test"><failure message="&#13;&#10;Expecting ArrayList:&#13;&#10;  [200, 201]&#13;&#10;to contain:&#13;&#10;  [302]&#13;&#10;but could not find the following element(s):&#13;&#10;  [302]&#13;&#10;" type="java.lang.AssertionError">&#13;
Expecting ArrayList:&#13;
  [200, 201]&#13;
to contain:&#13;
  [302]&#13;
but could not find the following element(s):&#13;
  [302]&#13;
</failure><system-err>&#13;
Expecting ArrayList:&#13;
  [200, 201]&#13;
to contain:&#13;
  [302]&#13;
but could not find the following element(s):&#13;
  [302]&#13;
&#13;
apiTests.EmployeesCRUDTests.lambda$createEmployeeTest$2(EmployeesCRUDTests.java:51)&#13;
apiTests.EmployeesCRUDTests.createEmployeeTest(EmployeesCRUDTests.java:50)&#13;
worker.org.gradle.process.internal.worker.GradleWorkerMain.run(GradleWorkerMain.java:69)&#13;
worker.org.gradle.process.internal.worker.GradleWorkerMain.main(GradleWorkerMain.java:74)&#13;
</system-err></testcase><testcase classname="apiTests.EmployeesCRUDTests" name="Delete employee test"><failure message="&#13;&#10;Expecting value to be true but was false expected:&lt;[tru]e&gt; but was:&lt;[fals]e&gt;" type="org.junit.ComparisonFailure">&#13;
Expecting value to be true but was false expected:&lt;[tru]e&gt; but was:&lt;[fals]e&gt;</failure><system-err>&#13;
Expecting value to be true but was false expected:&lt;[tru]e&gt; but was:&lt;[fals]e&gt;&#13;
apiTests.EmployeesCRUDTests.lambda$deleteEmployeeTest$11(EmployeesCRUDTests.java:142)&#13;
apiTests.EmployeesCRUDTests.deleteEmployeeTest(EmployeesCRUDTests.java:141)&#13;
worker.org.gradle.process.internal.worker.GradleWorkerMain.run(GradleWorkerMain.java:69)&#13;
worker.org.gradle.process.internal.worker.GradleWorkerMain.main(GradleWorkerMain.java:74)&#13;
</system-err></testcase><testcase classname="apiTests.EmployeesCRUDTests" name="Update employee test"><failure message="&#13;&#10;Expecting value to be true but was false expected:&lt;[tru]e&gt; but was:&lt;[fals]e&gt;" type="org.junit.ComparisonFailure">&#13;
Expecting value to be true but was false expected:&lt;[tru]e&gt; but was:&lt;[fals]e&gt;</failure><system-err>&#13;
Expecting value to be true but was false expected:&lt;[tru]e&gt; but was:&lt;[fals]e&gt;&#13;
apiTests.EmployeesCRUDTests.lambda$updateEmployeeTest$8(EmployeesCRUDTests.java:113)&#13;
apiTests.EmployeesCRUDTests.updateEmployeeTest(EmployeesCRUDTests.java:112)&#13;
worker.org.gradle.process.internal.worker.GradleWorkerMain.run(GradleWorkerMain.java:69)&#13;
worker.org.gradle.process.internal.worker.GradleWorkerMain.main(GradleWorkerMain.java:74)&#13;
</system-err></testcase></testsuite>