<?xml version="1.0" encoding="UTF-8" standalone="no"?><testsuite errors="1" failures="4" name="apiTests.EmployeesAPI_CRUD_Tests" skipped="0" tests="6" time="5.67" timestamp="2022-11-30 05:50:23"><testcase classname="apiTests.EmployeesAPI_CRUD_Tests" name="Get employee test"><error message="bound must be greater than origin" type="java.lang.IllegalArgumentException">bound must be greater than origin</error><system-err>bound must be greater than origin&#13;
apiTests.EmployeesAPI_CRUD_Tests.getEmployeeTest(EmployeesAPI_CRUD_Tests.java:35)&#13;
worker.org.gradle.process.internal.worker.GradleWorkerMain.run(GradleWorkerMain.java:69)&#13;
worker.org.gradle.process.internal.worker.GradleWorkerMain.main(GradleWorkerMain.java:74)&#13;
</system-err></testcase><testcase classname="apiTests.EmployeesAPI_CRUD_Tests" name="Create employee test through PUT"><failure message="&#13;&#10;Expecting ArrayList:&#13;&#10;  [200, 201]&#13;&#10;to contain:&#13;&#10;  [302]&#13;&#10;but could not find the following element(s):&#13;&#10;  [302]&#13;&#10;" type="java.lang.AssertionError">&#13;
Expecting ArrayList:&#13;
  [200, 201]&#13;
to contain:&#13;
  [302]&#13;
but could not find the following element(s):&#13;
  [302]&#13;
</failure><system-err>&#13;
Expecting ArrayList:&#13;
  [200, 201]&#13;
to contain:&#13;
  [302]&#13;
but could not find the following element(s):&#13;
  [302]&#13;
&#13;
apiTests.EmployeesAPI_CRUD_Tests.lambda$createEmployeeTestThroughPUT$5(EmployeesAPI_CRUD_Tests.java:94)&#13;
apiTests.EmployeesAPI_CRUD_Tests.createEmployeeTestThroughPUT(EmployeesAPI_CRUD_Tests.java:93)&#13;
worker.org.gradle.process.internal.worker.GradleWorkerMain.run(GradleWorkerMain.java:69)&#13;
worker.org.gradle.process.internal.worker.GradleWorkerMain.main(GradleWorkerMain.java:74)&#13;
</system-err></testcase><testcase classname="apiTests.EmployeesAPI_CRUD_Tests" name="Get all employees test"/><testcase classname="apiTests.EmployeesAPI_CRUD_Tests" name="Create employee test"><failure message="&#13;&#10;Expecting ArrayList:&#13;&#10;  [200, 201]&#13;&#10;to contain:&#13;&#10;  [302]&#13;&#10;but could not find the following element(s):&#13;&#10;  [302]&#13;&#10;" type="java.lang.AssertionError">&#13;
Expecting ArrayList:&#13;
  [200, 201]&#13;
to contain:&#13;
  [302]&#13;
but could not find the following element(s):&#13;
  [302]&#13;
</failure><system-err>&#13;
Expecting ArrayList:&#13;
  [200, 201]&#13;
to contain:&#13;
  [302]&#13;
but could not find the following element(s):&#13;
  [302]&#13;
&#13;
apiTests.EmployeesAPI_CRUD_Tests.lambda$createEmployeeTest$2(EmployeesAPI_CRUD_Tests.java:51)&#13;
apiTests.EmployeesAPI_CRUD_Tests.createEmployeeTest(EmployeesAPI_CRUD_Tests.java:50)&#13;
worker.org.gradle.process.internal.worker.GradleWorkerMain.run(GradleWorkerMain.java:69)&#13;
worker.org.gradle.process.internal.worker.GradleWorkerMain.main(GradleWorkerMain.java:74)&#13;
</system-err></testcase><testcase classname="apiTests.EmployeesAPI_CRUD_Tests" name="Delete employee test"><failure message="&#13;&#10;Expecting value to be true but was false expected:&lt;[tru]e&gt; but was:&lt;[fals]e&gt;" type="org.junit.ComparisonFailure">&#13;
Expecting value to be true but was false expected:&lt;[tru]e&gt; but was:&lt;[fals]e&gt;</failure><system-err>&#13;
Expecting value to be true but was false expected:&lt;[tru]e&gt; but was:&lt;[fals]e&gt;&#13;
apiTests.EmployeesAPI_CRUD_Tests.lambda$deleteEmployeeTest$11(EmployeesAPI_CRUD_Tests.java:146)&#13;
apiTests.EmployeesAPI_CRUD_Tests.deleteEmployeeTest(EmployeesAPI_CRUD_Tests.java:145)&#13;
worker.org.gradle.process.internal.worker.GradleWorkerMain.run(GradleWorkerMain.java:69)&#13;
worker.org.gradle.process.internal.worker.GradleWorkerMain.main(GradleWorkerMain.java:74)&#13;
</system-err></testcase><testcase classname="apiTests.EmployeesAPI_CRUD_Tests" name="Update employee test"><failure message="&#13;&#10;Expecting value to be true but was false expected:&lt;[tru]e&gt; but was:&lt;[fals]e&gt;" type="org.junit.ComparisonFailure">&#13;
Expecting value to be true but was false expected:&lt;[tru]e&gt; but was:&lt;[fals]e&gt;</failure><system-err>&#13;
Expecting value to be true but was false expected:&lt;[tru]e&gt; but was:&lt;[fals]e&gt;&#13;
apiTests.EmployeesAPI_CRUD_Tests.lambda$updateEmployeeTest$8(EmployeesAPI_CRUD_Tests.java:117)&#13;
apiTests.EmployeesAPI_CRUD_Tests.updateEmployeeTest(EmployeesAPI_CRUD_Tests.java:116)&#13;
worker.org.gradle.process.internal.worker.GradleWorkerMain.run(GradleWorkerMain.java:69)&#13;
worker.org.gradle.process.internal.worker.GradleWorkerMain.main(GradleWorkerMain.java:74)&#13;
</system-err></testcase></testsuite>